Type of the loaded object: <class 'dict'>
Keys in the dictionary:
Key: 0, Value: [0, 1, 2, 3, 4, 5, 6, 7, 8, 9, 10, 11, 12, 13, 14, 15, 16, 17, 18, 19, 20, 21, 22, 23, 24, 25, 26, 27, 28, 29, 30, 31, 32, 33, 34, 35, 36, 37, 38, 39, 40, 41, 42, 43, 44, 45, 46, 47, 48, 49, 50, 51, 52, 53, 54, 55, 56, 57, 58, 59, 60, 61, 62, 63, 64, 65, 66, 67, 68, 69, 70, 71, 72, 73, 74, 75, 76, 77, 78, 79, 80, 81, 82, 83, 84, 85, 86, 87, 88, 89, 90, 91, 92, 93, 94, 95, 96, 97, 98, 99, 100, 101, 102, 103, 104, 105, 106, 107, 108, 109, 110, 111, 112, 113, 114, 115, 116, 117, 118, 119, 120, 121, 122, 123, 124, 125, 126, 127, 128, 129, 130, 131, 132, 133, 134, 135, 136, 137, 138, 139, 140, 141, 142, 143, 144, 145, 146, 147, 148, 149, 150, 151, 152, 153, 154, 155, 156, 157, 158, 159, 160, 161, 162, 163, 164, 165, 166, 167, 168, 169, 170, 171, 172, 173, 174, 175, 176, 177]
178
Key: 1, Value: [11, 14, 19, 20, 25, 30, 31, 43, 48, 52, 54, 59, 60, 71, 75, 91, 97, 103, 111, 117, 121, 123, 125, 126, 128, 137, 141, 148, 149, 151, 152, 153, 154, 155, 158, 159, 161, 162, 164, 171, 173, 174, 177]
43
Key: 2, Value: [11, 14, 19, 20, 25, 30, 31, 43, 48, 52, 54, 59, 60, 71, 75, 79, 89, 90, 91, 92, 93, 97, 99, 103, 111, 117, 118, 121, 122, 123, 125, 126, 128, 130, 137, 141, 148, 149, 151, 152, 153, 154, 155, 156, 158, 159, 161, 162, 164, 171, 173, 174, 177]
53
Key: 3, Value: [9, 11, 13, 14, 16, 19, 20, 21, 24, 30, 34, 38, 43, 48, 50, 53, 54, 57, 59, 60, 61, 62, 64, 67, 71, 75, 77, 79, 81, 83, 86, 88, 89, 90, 92, 93, 95, 96, 97, 98, 99, 103, 111, 113, 117, 118, 119, 120, 122, 123, 125, 126, 128, 130, 131, 132, 133, 134, 135, 136, 138, 140, 141, 142, 143, 144, 145, 147, 148, 149, 150, 151, 152, 153, 154, 155, 156, 157, 158, 159, 160, 161, 162, 164, 166, 168, 170, 171, 173, 174, 175, 177]
92
Key: 4, Value: [11, 13, 14, 19, 20, 24, 25, 30, 31, 34, 43, 48, 52, 54, 57, 59, 60, 61, 62, 64, 71, 75, 79, 83, 86, 88, 89, 90, 91, 92, 93, 95, 96, 97, 98, 99, 103, 111, 117, 118, 119, 120, 121, 122, 123, 125, 126, 128, 130, 131, 132, 133, 134, 135, 137, 138, 140, 141, 142, 143, 145, 147, 148, 149, 151, 152, 153, 154, 155, 156, 157, 158, 159, 160, 161, 162, 164, 170, 171, 173, 174, 175, 177]
83
Key: 5, Value: [9, 13, 16, 21, 24, 34, 38, 50, 53, 57, 61, 62, 64, 67, 77, 79, 81, 83, 86, 88, 89, 90, 92, 93, 94, 95, 96, 98, 99, 102, 113, 118, 119, 120, 122, 124, 127, 128, 129, 130, 131, 132, 133, 134, 135, 136, 138, 139, 140, 141, 142, 143, 144, 145, 146, 147, 148, 149, 150, 152, 153, 154, 155, 156, 157, 158, 160, 161, 163, 164, 165, 166, 167, 168, 170, 172, 175, 176, 177]
79
Key: 6, Value: [11, 14, 19, 20, 30, 43, 48, 54, 59, 60, 71, 75, 79, 83, 89, 90, 92, 93, 95, 97, 99, 103, 111, 117, 118, 120, 122, 123, 125, 126, 128, 130, 131, 141, 148, 149, 151, 152, 153, 154, 155, 156, 158, 159, 161, 162, 164, 170, 171, 173, 174, 177]
52
Key: 7, Value: [11, 14, 19, 20, 30, 43, 48, 54, 59, 60, 61, 71, 75, 79, 83, 89, 90, 92, 93, 97, 99, 103, 111, 117, 118, 122, 123, 125, 126, 128, 130, 141, 148, 149, 151, 152, 153, 154, 155, 156, 158, 159, 161, 162, 164, 170, 171, 173, 174, 177]
50
Key: 8, Value: [61, 79, 83, 86, 88, 89, 90, 92, 93, 95, 96, 98, 99, 118, 119, 120, 122, 128, 130, 131, 132, 133, 134, 135, 140, 141, 142, 143, 147, 148, 149, 150, 152, 153, 154, 155, 156, 158, 160, 161, 164, 170, 177]
43
Key: 9, Value: [11, 14, 19, 20, 24, 25, 30, 31, 34, 38, 43, 48, 52, 54, 57, 59, 60, 61, 62, 71, 75, 77, 79, 81, 83, 86, 88, 89, 90, 91, 92, 93, 95, 96, 97, 98, 99, 103, 111, 117, 118, 119, 120, 121, 122, 123, 125, 126, 128, 130, 131, 132, 133, 134, 135, 137, 138, 140, 141, 142, 143, 144, 147, 148, 149, 150, 151, 152, 153, 154, 155, 156, 157, 158, 159, 160, 161, 162, 164, 170, 171, 173, 174, 175, 177]
85
Key: 10, Value: [11, 14, 19, 20, 25, 30, 31, 43, 48, 52, 54, 59, 60, 71, 75, 89, 90, 91, 93, 97, 99, 103, 111, 117, 121, 123, 125, 126, 128, 130, 137, 141, 148, 149, 151, 152, 153, 154, 158, 159, 161, 162, 164, 171, 173, 174, 177]
47
Key: 11, Value: [9, 13, 16, 21, 24, 34, 38, 50, 53, 57, 61, 62, 64, 67, 77, 79, 81, 83, 86, 88, 89, 90, 92, 93, 95, 96, 98, 99, 113, 118, 119, 120, 122, 128, 130, 131, 132, 133, 134, 135, 136, 138, 140, 141, 142, 143, 144, 145, 147, 148, 149, 150, 152, 153, 154, 155, 156, 157, 158, 160, 161, 164, 166, 167, 168, 170, 175, 177]
68
Key: 12, Value: [13, 16, 21, 24, 34, 38, 50, 53, 57, 61, 62, 64, 67, 77, 79, 81, 83, 86, 88, 89, 90, 92, 93, 95, 96, 98, 99, 113, 118, 119, 120, 122, 128, 130, 131, 132, 133, 134, 135, 136, 138, 140, 141, 142, 143, 144, 145, 147, 148, 149, 150, 152, 153, 154, 155, 156, 157, 158, 160, 161, 164, 166, 168, 170, 175, 177]
66
Key: 13, Value: [9, 13, 16, 21, 24, 34, 38, 50, 53, 57, 61, 62, 64, 67, 77, 79, 81, 83, 86, 88, 89, 90, 92, 93, 95, 96, 98, 99, 113, 118, 119, 120, 122, 128, 130, 131, 132, 133, 134, 135, 136, 138, 140, 141, 142, 143, 144, 145, 147, 148, 149, 150, 152, 153, 154, 155, 156, 157, 158, 160, 161, 164, 166, 168, 170, 175, 177]
67
Key: 14, Value: [9, 13, 16, 21, 24, 34, 38, 50, 53, 57, 61, 62, 64, 67, 77, 79, 81, 83, 86, 88, 89, 90, 92, 93, 95, 96, 98, 99, 113, 118, 119, 120, 122, 128, 130, 131, 132, 133, 134, 135, 136, 138, 140, 141, 142, 143, 144, 145, 147, 148, 149, 150, 152, 153, 154, 155, 156, 157, 158, 160, 161, 164, 166, 168, 170, 175, 177]
67
Key: 15, Value: [13, 16, 21, 24, 34, 38, 50, 53, 57, 61, 62, 64, 67, 77, 79, 81, 83, 86, 88, 89, 90, 92, 93, 95, 96, 98, 99, 113, 118, 119, 120, 122, 128, 130, 131, 132, 133, 134, 135, 136, 138, 140, 141, 142, 143, 144, 145, 147, 148, 149, 150, 152, 153, 154, 155, 156, 157, 158, 160, 161, 164, 166, 168, 170, 175, 177]
66
Key: 16, Value: [2, 5, 6, 12, 15, 17, 18, 22, 23, 26, 27, 28, 29, 32, 33, 35, 36, 37, 39, 40, 41, 42, 44, 45, 46, 47, 49, 51, 55, 56, 58, 63, 65, 66, 68, 69, 70, 72, 73, 74, 76, 78, 80, 82, 84, 85, 87, 100, 101, 104, 105, 106, 107, 108, 109, 110, 112, 114, 115, 116]
60
Key: 17, Value: [2, 5, 6, 12, 15, 17, 18, 22, 23, 26, 27, 28, 29, 32, 33, 35, 36, 37, 39, 40, 41, 42, 44, 45, 46, 47, 49, 51, 55, 56, 58, 63, 65, 66, 68, 69, 70, 72, 73, 74, 76, 78, 80, 82, 84, 85, 87, 100, 101, 104, 105, 106, 107, 108, 109, 110, 112, 114, 115, 116]
60
Key: 18, Value: [2, 5, 6, 12, 15, 17, 18, 22, 23, 26, 27, 28, 29, 32, 33, 35, 36, 37, 39, 40, 41, 42, 44, 45, 46, 47, 49, 51, 55, 56, 58, 63, 65, 66, 68, 69, 70, 72, 73, 74, 76, 78, 80, 82, 84, 85, 87]
47
Key: 19, Value: [2, 5, 6, 12, 15, 17, 18, 22, 23, 26, 27, 28, 29, 32, 33, 35, 36, 37, 39, 40, 41, 42, 44, 45, 46, 47, 49, 51, 55, 56, 58, 63, 65, 66, 68, 69, 70, 72, 73, 74, 76, 78, 80, 82, 84, 85, 87]
47
Key: 20, Value: [2, 5, 6, 12, 15, 17, 18, 22, 23, 26, 27, 28, 29, 32, 33, 35, 36, 37, 39, 40, 41, 42, 44, 45, 46, 47, 49, 51, 55, 56, 58, 63, 65, 66, 68, 69, 70, 72, 73, 74, 76, 78, 80, 82, 84, 85, 87, 100, 101, 104, 105, 106, 107, 108, 109, 110, 112, 114, 115, 116]
60
Key: 21, Value: [0, 1, 3, 4, 7, 8, 10, 169]
8
Key: 22, Value: [0, 1, 3, 4, 7, 8, 10, 169]
8
Key: 23, Value: [0, 1, 3, 4, 7, 8, 10, 169]
8
Key: 24, Value: [0, 1, 3, 4, 7, 8, 10, 169]
8
Key: 25, Value: [0, 1, 3, 4, 7, 8, 10, 169]
8
Key: 26, Value: [0, 1, 3, 4, 7, 8, 10, 169]
8
